<?xml version="1.0" encoding="UTF-8"?>
<!-- Generated by org.testng.reporters.JUnitReportReporter -->
<testsuite hostname="Hp" failures="0" tests="9" name="testcases.doctor_testcase" time="26.063" errors="1" timestamp="2025-09-03T20:24:40 IST" skipped="0">
  <testcase classname="testcases.doctor_testcase" name="verifyTitleOfTheHomePage" time="2.877"/>
  <testcase classname="testcases.doctor_testcase" name="verifyAllSubModulesArePresent" time="10.627"/>
  <testcase classname="testcases.doctor_testcase" name="validateTheCheckBox" time="0.772"/>
  <testcase classname="testcases.doctor_testcase" name="selectNEUROSURGERYFromDepartmentDropdownAndVerifySelection" time="2.452"/>
  <testcase classname="testcases.doctor_testcase" name="verifyTheButtonsArePresentOrNot" time="0.249"/>
  <testcase classname="testcases.doctor_testcase" name="verifyTitleOfTheForm" time="3.471"/>
  <testcase classname="testcases.doctor_testcase" name="verifyTheName" time="2.921"/>
  <testcase classname="testcases.doctor_testcase" name="verifyTheErrorMessage" time="2.694"/>
  <testcase classname="testcases.doctor_testcase" name="performScrollingOpertaionAndVerifyThePresenceOfButton" time="0.000">
    <error message="Unresolved compilation problem: 
	The method performScrollingOpertaionAndVerifyTheUpdateButtonIsPresent() is undefined for the type doctor_Pages
" type="java.lang.Error">
      <![CDATA[java.lang.Error: Unresolved compilation problem: 
The method performScrollingOpertaionAndVerifyTheUpdateButtonIsPresent() is undefined for the type doctor_Pages

at testcases.doctor_testcase.performScrollingOpertaionAndVerifyThePresenceOfButton(doctor_testcase.java:164)
at java.base/jdk.internal.reflect.DirectMethodHandleAccessor.invoke(DirectMethodHandleAccessor.java:103)
at java.base/java.lang.reflect.Method.invoke(Method.java:580)
at org.testng.internal.invokers.MethodInvocationHelper.invokeMethod(MethodInvocationHelper.java:139)
at org.testng.internal.invokers.TestInvoker.invokeMethod(TestInvoker.java:664)
at org.testng.internal.invokers.TestInvoker.invokeTestMethod(TestInvoker.java:227)
at org.testng.internal.invokers.MethodRunner.runInSequence(MethodRunner.java:50)
at org.testng.internal.invokers.TestInvoker$MethodInvocationAgent.invoke(TestInvoker.java:957)
at org.testng.internal.invokers.TestInvoker.invokeTestMethods(TestInvoker.java:200)
at org.testng.internal.invokers.TestMethodWorker.invokeTestMethods(TestMethodWorker.java:148)
at org.testng.internal.invokers.TestMethodWorker.run(TestMethodWorker.java:128)
at java.base/java.util.concurrent.ThreadPoolExecutor.runWorker(ThreadPoolExecutor.java:1144)
at java.base/java.util.concurrent.ThreadPoolExecutor$Worker.run(ThreadPoolExecutor.java:642)
at java.base/java.lang.Thread.run(Thread.java:1583)
]]>
    </error>
  </testcase> <!-- performScrollingOpertaionAndVerifyThePresenceOfButton -->
</testsuite> <!-- testcases.doctor_testcase -->
